Running: /opt/Xilinx/14.7/ISE_DS/ISE/bin/lin64/unwrapped/fuse -intstyle ise -incremental -lib unisims_ver -lib unimacro_ver -lib xilinxcorelib_ver -lib secureip -o /home/ise/DDP/xilinx project/FFT8_implementation_3/fft8_tb_isim_beh.exe -prj /home/ise/DDP/xilinx project/FFT8_implementation_3/fft8_tb_beh.prj work.fft8_tb work.glbl 
ISim P.20160913 (signature 0xfbc00daa)
Number of CPUs detected in this system: 1
Turning on mult-threading, number of parallel sub-compilation jobs: 0 
Determining compilation order of HDL files
Analyzing Verilog file "/home/ise/DDP/xilinx project/FFT8_implementation_3/multiplier.v" into library work
Analyzing Verilog file "/home/ise/DDP/xilinx project/FFT8_implementation_3/fft8.v" into library work
WARNING:HDLCompiler:485 - "/home/ise/DDP/xilinx project/FFT8_implementation_3/fft8.v" Line 117: Illegal format specifier \ for display
Analyzing Verilog file "/home/ise/DDP/xilinx project/FFT8_implementation_3/fft8_tb.v" into library work
Analyzing Verilog file "/opt/Xilinx/14.7/ISE_DS/ISE//verilog/src/glbl.v" into library work
Starting static elaboration
Completed static elaboration
Fuse Memory Usage: 94948 KB
Fuse CPU Usage: 1350 ms
Compiling module multiplier
Compiling module fft8
Compiling module fft8_tb
Compiling module glbl
Time Resolution for simulation is 1ps.
Compiled 4 Verilog Units
Built simulation executable /home/ise/DDP/xilinx project/FFT8_implementation_3/fft8_tb_isim_beh.exe
Fuse Memory Usage: 98268 KB
Fuse CPU Usage: 1400 ms
GCC CPU Usage: 510 ms
