ISim log file
Running: /home/ise/DDP/xilinx project/FFT8_implementation_4/fft8_tb_isim_beh.exe -intstyle ise -gui -tclbatch isim.cmd -wdb /home/ise/DDP/xilinx project/FFT8_implementation_4/fft8_tb_isim_beh.wdb 
ISim P.20160913 (signature 0xfbc00daa)
----------------------------------------------------------------------
WARNING:Security:42 - Your software subscription period has lapsed. Your current version of Xilinx tools will continue to function, but you no longer qualify for Xilinx software updates or new releases.


----------------------------------------------------------------------
This is a Full version of ISim.
Time resolution is 1 ps
# onerror resume
# wave add /
# run 1000 ns
Simulator is doing circuit initialization process.
Finished circuit initialization process.
out1: 28.000000 , 0.000000 
out2: 0.000000 , 0.000000 
out3: -4.000000 , 4.000000 
out4: 0.000000 , 0.000000 
out5: -4.000000 , 0.000000 
out6: 0.000000 , 0.000000 
out7: -4.000000 , -4.000000 
# exit 0
